<?xml version="1.0" encoding="UTF-8"?>
<!-- Generated by org.testng.reporters.JUnitReportReporter -->
<testsuite hostname="DNV" name="package1.TestCase1" tests="1" failures="0" timestamp="20 Nov 2020 06:31:05 GMT" time="0.015" errors="0">
  <testcase name="test1" time="0.015" classname="package1.TestCase1"/>
</testsuite> <!-- package1.TestCase1 -->
