<?xml version="1.0" encoding="UTF-8"?>
<!-- Generated by org.testng.reporters.JUnitReportReporter -->
<testsuite hostname="DNV" name="package2.TestCase3" tests="1" failures="0" timestamp="20 Nov 2020 06:31:05 GMT" time="0.001" errors="0">
  <testcase name="test3" time="0.001" classname="package2.TestCase3"/>
</testsuite> <!-- package2.TestCase3 -->
