<?xml version="1.0" encoding="UTF-8"?>
<!-- Generated by org.testng.reporters.JUnitReportReporter -->
<testsuite hostname="DNV" name="package2.TestCase2" tests="1" failures="0" timestamp="20 Nov 2020 06:31:05 GMT" time="0.002" errors="0">
  <testcase name="test2" time="0.002" classname="package2.TestCase2"/>
</testsuite> <!-- package2.TestCase2 -->
